#
# A fatal error has been detected by the Java Runtime Environment:
#
#  EXCEPTION_ACCESS_VIOLATION (0xc0000005) at pc=0x00007ffb5dccc574, pid=8820, tid=5984
#
# JRE version: OpenJDK Runtime Environment Temurin-17.0.1+12 (17.0.1+12) (build 17.0.1+12)
# Java VM: OpenJDK 64-Bit Server VM Temurin-17.0.1+12 (17.0.1+12, mixed mode, tiered, compressed oops, compressed class ptrs, g1 gc, windows-amd64)
# Problematic frame:
# C  [lwjgl_nanovg.dll+0x1c574]
#
# No core dump will be written. Minidumps are not enabled by default on client versions of Windows
#
# If you would like to submit a bug report, please visit:
#   https://github.com/adoptium/adoptium-support/issues
# The crash happened outside the Java Virtual Machine in native code.
# See problematic frame for where to report the bug.
#

---------------  S U M M A R Y ------------

Command Line: -Dorg.lwjgl.util.DebugAllocator=false -Dorg.lwjgl.util.Debug=false -ea -Dfile.encoding=Cp1252 -XX:+ShowCodeDetailsInExceptionMessages manatee.client.App -developer-mode -debug -particle-view

Host: Intel(R) Core(TM) i5-6600K CPU @ 3.50GHz, 4 cores, 15G,  Windows 10 , 64 bit Build 19041 (10.0.19041.3636)
Time: Thu Mar 14 02:47:54 2024 Eastern Daylight Time elapsed time: 6.447847 seconds (0d 0h 0m 6s)

---------------  T H R E A D  ---------------

Current thread (0x0000015c36f6e620):  JavaThread "main" [_thread_in_native, id=5984, stack(0x00000020f4f00000,0x00000020f5000000)]

Stack: [0x00000020f4f00000,0x00000020f5000000],  sp=0x00000020f4ffe120,  free space=1016k
Native frames: (J=compiled Java code, j=interpreted, Vv=VM code, C=native code)
C  [lwjgl_nanovg.dll+0x1c574]

Java frames: (J=compiled Java code, j=interpreted, Vv=VM code)
J 2398  org.lwjgl.nanovg.NanoVG.nnvgCreateFontMem(JJJII)I (0 bytes) @ 0x0000015c421f11fe [0x0000015c421f11a0+0x000000000000005e]
J 2397 c1 org.lwjgl.nanovg.NanoVG.nvgCreateFontMem(JLjava/lang/CharSequence;Ljava/nio/ByteBuffer;Z)I (86 bytes) @ 0x0000015c3af71814 [0x0000015c3af71120+0x00000000000006f4]
j  lwjgui.scene.Context.loadFont(Ljava/lang/String;Ljava/nio/ByteBuffer;Z)V+7
j  lwjgui.scene.Context.loadFont(Ljava/lang/String;Ljava/lang/String;Z)V+44
j  lwjgui.scene.Context.loadFont(Llwjgui/font/Font;Z)V+19
j  lwjgui.scene.Context.loadFont(Llwjgui/font/Font;)V+3
j  lwjgui.font.Font.getTextBounds(Llwjgui/scene/Context;Ljava/lang/String;Llwjgui/font/FontStyle;D[F)[F+17
J 2025 c2 lwjgui.scene.control.Labeled.resize()V (479 bytes) @ 0x0000015c421b1d44 [0x0000015c421b1400+0x0000000000000944]
J 1908 c2 lwjgui.scene.Node.position(Llwjgui/scene/Node;)V (86 bytes) @ 0x0000015c4219b260 [0x0000015c4219b100+0x0000000000000160]
J 1832 c2 lwjgui.scene.Node.updateChildren()V (41 bytes) @ 0x0000015c42172fd4 [0x0000015c42172ec0+0x0000000000000114]
J 1908 c2 lwjgui.scene.Node.position(Llwjgui/scene/Node;)V (86 bytes) @ 0x0000015c4219b24c [0x0000015c4219b100+0x000000000000014c]
j  lwjgui.scene.control.MenuItem.position(Llwjgui/scene/Node;)V+63
J 2094 c2 lwjgui.scene.layout.VBox.updateChildren()V (139 bytes) @ 0x0000015c421bb37c [0x0000015c421bb260+0x000000000000011c]
J 1908 c2 lwjgui.scene.Node.position(Llwjgui/scene/Node;)V (86 bytes) @ 0x0000015c4219b24c [0x0000015c4219b100+0x000000000000014c]
J 1832 c2 lwjgui.scene.Node.updateChildren()V (41 bytes) @ 0x0000015c42172fd4 [0x0000015c42172ec0+0x0000000000000114]
J 1908 c2 lwjgui.scene.Node.position(Llwjgui/scene/Node;)V (86 bytes) @ 0x0000015c4219b24c [0x0000015c4219b100+0x000000000000014c]
J 2349 c1 lwjgui.scene.layout.floating.FloatingPane.position(Llwjgui/scene/Node;)V (22 bytes) @ 0x0000015c3af5cd3c [0x0000015c3af5ccc0+0x000000000000007c]
j  lwjgui.scene.control.PopupWindow.position(Llwjgui/scene/Node;)V+2
j  lwjgui.scene.control.PopupWindow.show(Llwjgui/scene/Scene;DD)V+8
j  lwjgui.scene.control.ContextMenu.show(Llwjgui/scene/Scene;DD)V+19
j  lwjgui.scene.control.ComboBox$4.handle(Llwjgui/event/ActionEvent;)V+86
j  lwjgui.scene.control.ComboBox$4.handle(Llwjgui/event/Event;)V+5
j  lwjgui.event.EventHelper.fireEvent(Llwjgui/event/EventHandler;Llwjgui/event/Event;)Z+8
j  lwjgui.scene.control.ButtonBase$1.handle(Llwjgui/event/MouseEvent;)V+50
j  lwjgui.scene.control.ButtonBase$1.handle(Llwjgui/event/Event;)V+5
j  lwjgui.event.EventHelper.fireEvent(Llwjgui/event/EventHandler;Llwjgui/event/Event;)Z+8
j  lwjgui.scene.Node.onMouseReleased(Llwjgui/event/MouseEvent;)Z+121
j  lwjgui.scene.Window.lambda$31(II)V+127
j  lwjgui.scene.Window$$Lambda$122+0x00000008001d1218.run()V+12
J 2626 c1 lwjgui.scene.Window$1.call()Ljava/lang/Object; (5 bytes) @ 0x0000015c3afe2914 [0x0000015c3afe27c0+0x0000000000000154]
j  lwjgui.Task.callI()V+10
J 2559 c1 lwjgui.scene.Window.render()V (98 bytes) @ 0x0000015c3afbad64 [0x0000015c3afba740+0x0000000000000624]
j  manatee.client.Client.loop()V+61
j  manatee.client.Client.<init>(ZZ)V+234
j  manatee.client.App.start(ZZ)V+24
j  manatee.client.App.main([Ljava/lang/String;)V+159
v  ~StubRoutines::call_stub

siginfo: EXCEPTION_ACCESS_VIOLATION (0xc0000005), reading address 0x0000000000000070


Register to memory mapping:

RIP=0x00007ffb5dccc574 lwjgl_nanovg.dll
RAX=0x0 is NULL
RBX=0x0 is NULL
RCX=0x0 is NULL
RDX=0x0000015c56a6dc38 points into unknown readable memory: 0x522d6f746f626f52 | 52 6f 62 6f 74 6f 2d 52
RSP=0x00000020f4ffe120 is pointing into the stack for thread: 0x0000015c36f6e620
RBP=0x00000020f4ffe1e0 is pointing into the stack for thread: 0x0000015c36f6e620
RSI=0x0 is NULL
RDI=0x00000000000237c4 is an unknown value
R8 =0x0000015c60a509c0 points into unknown readable memory: 0x0001110000000100 | 00 01 00 00 00 11 01 00
R9 =0x00000000000237c4 is an unknown value
R10=0x00007ffb5dce7030 lwjgl_nanovg.dll
R11=0x0000000000000001 is an unknown value
R12=0x00000000000237c4 is an unknown value
R13=0x00000020f4ffe328 is pointing into the stack for thread: 0x0000015c36f6e620
R14=0x00000020f4ffe1c8 is pointing into the stack for thread: 0x0000015c36f6e620
R15=0x0000015c36f6e620 is a thread


Registers:
RAX=0x0000000000000000, RBX=0x0000000000000000, RCX=0x0000000000000000, RDX=0x0000015c56a6dc38
RSP=0x00000020f4ffe120, RBP=0x00000020f4ffe1e0, RSI=0x0000000000000000, RDI=0x00000000000237c4
R8 =0x0000015c60a509c0, R9 =0x00000000000237c4, R10=0x00007ffb5dce7030, R11=0x0000000000000001
R12=0x00000000000237c4, R13=0x00000020f4ffe328, R14=0x00000020f4ffe1c8, R15=0x0000015c36f6e620
RIP=0x00007ffb5dccc574, EFLAGS=0x0000000000010202

Top of Stack: (sp=0x00000020f4ffe120)
0x00000020f4ffe120:   00000020f4ffe1a0 00000000000000c8
0x00000020f4ffe130:   00000020f4ffe200 0000015c3a5c94fe
0x00000020f4ffe140:   0000015c36f6e620 00000020f4ffe1c8
0x00000020f4ffe150:   0000000000000000 0000015c421f129e
0x00000020f4ffe160:   0000000000000000 00000020f4ffe1e0
0x00000020f4ffe170:   0000000000000000 00000000000237c4
0x00000020f4ffe180:   0000015c00000000 0000000000000000
0x00000020f4ffe190:   0000000000000000 0000015c3a5c94fe
0x00000020f4ffe1a0:   00000020f4ffe398 0000015c4212016c
0x00000020f4ffe1b0:   000000070956e3e0 00000020f4ffe1b8
0x00000020f4ffe1c0:   0000015c56a6dc38 000000070956e680
0x00000020f4ffe1d0:   0000015c55629128 0000000000000000
0x00000020f4ffe1e0:   00000020f4ffe398 0000015c3af71814
0x00000020f4ffe1f0:   0000000000000000 00000020f4ffe248
0x00000020f4ffe200:   00000020f4ffe2b8 0000015c3a5c9657
0x00000020f4ffe210:   0000000000000000 00000000000237c4 

Instructions: (pc=0x00007ffb5dccc574)
0x00007ffb5dccc474:   83 ec 30 4c 8b e2 4c 8b e9 48 8d 15 38 f8 04 00
0x00007ffb5dccc484:   49 8b c8 45 8b f9 e8 35 8f 02 00 48 8b f8 48 85
0x00007ffb5dccc494:   c0 0f 84 97 00 00 00 33 d2 48 8b c8 44 8d 42 02
0x00007ffb5dccc4a4:   e8 13 94 02 00 48 8b cf e8 bf 8d 02 00 45 33 c0
0x00007ffb5dccc4b4:   4c 63 f0 33 d2 48 8b cf e8 fb 93 02 00 49 8b ce
0x00007ffb5dccc4c4:   ff 15 de f7 06 00 48 8b f0 48 85 c0 74 58 4c 8b
0x00007ffb5dccc4d4:   cf 48 89 5c 24 60 4d 8b c6 ba 01 00 00 00 48 8b
0x00007ffb5dccc4e4:   c8 e8 06 a6 02 00 48 8b cf 48 8b d8 e8 57 90 02
0x00007ffb5dccc4f4:   00 49 3b de 48 8b 5c 24 60 74 0b 48 8b ce ff 15
0x00007ffb5dccc504:   a8 f7 06 00 eb 28 44 89 7c 24 28 45 8b ce 4c 8b
0x00007ffb5dccc514:   c6 c7 44 24 20 01 00 00 00 49 8b d4 49 8b cd e8
0x00007ffb5dccc524:   28 00 00 00 eb 0d 48 8b cf e8 1a 90 02 00 b8 ff
0x00007ffb5dccc534:   ff ff ff 48 8b 6c 24 68 48 8b 74 24 70 48 83 c4
0x00007ffb5dccc544:   30 41 5f 41 5e 41 5d 41 5c 5f c3 cc 48 89 5c 24
0x00007ffb5dccc554:   08 48 89 6c 24 10 48 89 74 24 18 48 89 7c 24 20
0x00007ffb5dccc564:   41 54 41 56 41 57 48 83 ec 20 48 8b d9 45 8b e1
0x00007ffb5dccc574:   8b 49 70 4d 8b f0 4c 8b fa be 08 00 00 00 8b 43
0x00007ffb5dccc584:   74 ff c0 3b c1 7e 2a 8b c6 85 c9 74 03 8d 04 09
0x00007ffb5dccc594:   48 8b 4b 60 48 63 d0 48 c1 e2 03 89 43 70 ff 15
0x00007ffb5dccc5a4:   10 f7 06 00 48 89 43 60 48 85 c0 0f 84 1a 02 00
0x00007ffb5dccc5b4:   00 b9 68 05 00 00 ff 15 e8 f6 06 00 48 8b f8 48
0x00007ffb5dccc5c4:   85 c0 0f 84 03 02 00 00 33 d2 41 b8 68 05 00 00
0x00007ffb5dccc5d4:   48 8b c8 e8 74 58 02 00 b9 00 20 00 00 ff 15 c1
0x00007ffb5dccc5e4:   f6 06 00 48 89 87 00 01 00 00 48 85 c0 75 28 38
0x00007ffb5dccc5f4:   87 ec 00 00 00 74 12 48 8b 8f e0 00 00 00 48 85
0x00007ffb5dccc604:   c9 74 06 ff 15 a3 f6 06 00 48 8b cf ff 15 9a f6
0x00007ffb5dccc614:   06 00 e9 b4 01 00 00 48 c7 87 08 01 00 00 00 01
0x00007ffb5dccc624:   00 00 48 63 4b 74 48 8b 43 60 48 89 3c c8 48 63
0x00007ffb5dccc634:   6b 74 8d 45 01 89 43 74 83 fd ff 0f 84 8a 01 00
0x00007ffb5dccc644:   00 48 8b 43 60 41 b8 40 00 00 00 49 8b d7 48 8b
0x00007ffb5dccc654:   3c e8 48 8d 8f a0 00 00 00 e8 2e a0 02 00 66 0f
0x00007ffb5dccc664:   6f 05 b6 19 05 00 48 8d 87 10 01 00 00 c6 87 df 


Stack slot to memory mapping:
stack at sp + 0 slots: 0x00000020f4ffe1a0 is pointing into the stack for thread: 0x0000015c36f6e620
stack at sp + 1 slots: 0x00000000000000c8 is an unknown value
stack at sp + 2 slots: 0x00000020f4ffe200 is pointing into the stack for thread: 0x0000015c36f6e620
stack at sp + 3 slots: 0x0000015c3a5c94fe is at code_begin+1118 in an Interpreter codelet
return entry points  [0x0000015c3a5c90a0, 0x0000015c3a5c9ba0]  2816 bytes
stack at sp + 4 slots: 0x0000015c36f6e620 is a thread
stack at sp + 5 slots: 0x00000020f4ffe1c8 is pointing into the stack for thread: 0x0000015c36f6e620
stack at sp + 6 slots: 0x0 is NULL
stack at sp + 7 slots: 0x0000015c421f129e is at entry_point+254 in (nmethod*)0x0000015c421f1010


---------------  P R O C E S S  ---------------

Threads class SMR info:
_java_thread_list=0x0000015c5fd0e0c0, length=12, elements={
0x0000015c36f6e620, 0x0000015c55c3c360, 0x0000015c55c3e460, 0x0000015c55c53e20,
0x0000015c55c546e0, 0x0000015c55c55090, 0x0000015c55c56a50, 0x0000015c55cb67e0,
0x0000015c55cc4f80, 0x0000015c55cd5950, 0x0000015c55e183f0, 0x0000015c55e2c570
}

Java Threads: ( => current thread )
=>0x0000015c36f6e620 JavaThread "main" [_thread_in_native, id=5984, stack(0x00000020f4f00000,0x00000020f5000000)]
  0x0000015c55c3c360 JavaThread "Reference Handler" daemon [_thread_blocked, id=2292, stack(0x00000020f5600000,0x00000020f5700000)]
  0x0000015c55c3e460 JavaThread "Finalizer" daemon [_thread_blocked, id=12840, stack(0x00000020f5700000,0x00000020f5800000)]
  0x0000015c55c53e20 JavaThread "Signal Dispatcher" daemon [_thread_blocked, id=7232, stack(0x00000020f5800000,0x00000020f5900000)]
  0x0000015c55c546e0 JavaThread "Attach Listener" daemon [_thread_blocked, id=14540, stack(0x00000020f5900000,0x00000020f5a00000)]
  0x0000015c55c55090 JavaThread "Service Thread" daemon [_thread_blocked, id=6108, stack(0x00000020f5a00000,0x00000020f5b00000)]
  0x0000015c55c56a50 JavaThread "Monitor Deflation Thread" daemon [_thread_blocked, id=6304, stack(0x00000020f5b00000,0x00000020f5c00000)]
  0x0000015c55cb67e0 JavaThread "C2 CompilerThread0" daemon [_thread_blocked, id=12984, stack(0x00000020f5c00000,0x00000020f5d00000)]
  0x0000015c55cc4f80 JavaThread "C1 CompilerThread0" daemon [_thread_blocked, id=10492, stack(0x00000020f5d00000,0x00000020f5e00000)]
  0x0000015c55cd5950 JavaThread "Sweeper thread" daemon [_thread_blocked, id=15228, stack(0x00000020f5e00000,0x00000020f5f00000)]
  0x0000015c55e183f0 JavaThread "Notification Thread" daemon [_thread_blocked, id=1092, stack(0x00000020f5f00000,0x00000020f6000000)]
  0x0000015c55e2c570 JavaThread "Common-Cleaner" daemon [_thread_blocked, id=12000, stack(0x00000020f6100000,0x00000020f6200000)]

Other Threads:
  0x0000015c55c38ed0 VMThread "VM Thread" [stack: 0x00000020f5500000,0x00000020f5600000] [id=2872]
  0x0000015c55270760 WatcherThread [stack: 0x00000020f6000000,0x00000020f6100000] [id=11236]
  0x0000015c36fbe820 GCTaskThread "GC Thread#0" [stack: 0x00000020f5000000,0x00000020f5100000] [id=6904]
  0x0000015c562bb1e0 GCTaskThread "GC Thread#1" [stack: 0x00000020f6300000,0x00000020f6400000] [id=588]
  0x0000015c55e1e960 GCTaskThread "GC Thread#2" [stack: 0x00000020f6400000,0x00000020f6500000] [id=8924]
  0x0000015c560c7bb0 GCTaskThread "GC Thread#3" [stack: 0x00000020f6500000,0x00000020f6600000] [id=14684]
  0x0000015c36fcfe10 ConcurrentGCThread "G1 Main Marker" [stack: 0x00000020f5100000,0x00000020f5200000] [id=9540]
  0x0000015c36fd0820 ConcurrentGCThread "G1 Conc#0" [stack: 0x00000020f5200000,0x00000020f5300000] [id=2444]
  0x0000015c36feec10 ConcurrentGCThread "G1 Refine#0" [stack: 0x00000020f5300000,0x00000020f5400000] [id=1356]
  0x0000015c551368f0 ConcurrentGCThread "G1 Service" [stack: 0x00000020f5400000,0x00000020f5500000] [id=4708]

Threads with active compile tasks:

VM state: not at safepoint (normal execution)

VM Mutex/Monitor currently owned by a thread: None

Heap address: 0x0000000700e00000, size: 4082 MB, Compressed Oops mode: Zero based, Oop shift amount: 3

CDS archive(s) not mapped
Compressed class space mapped at: 0x0000000800000000-0x0000000840000000, reserved size: 1073741824
Narrow klass base: 0x0000000800000000, Narrow klass shift: 0, Narrow klass range: 0x40000000

GC Precious Log:
 CPUs: 4 total, 4 available
 Memory: 16323M
 Large Page Support: Disabled
 NUMA Support: Disabled
 Compressed Oops: Enabled (Zero based)
 Heap Region Size: 2M
 Heap Min Capacity: 8M
 Heap Initial Capacity: 256M
 Heap Max Capacity: 4082M
 Pre-touch: Disabled
 Parallel Workers: 4
 Concurrent Workers: 1
 Concurrent Refinement Workers: 4
 Periodic GC: Disabled

Heap:
 garbage-first heap   total 315392K, used 120415K [0x0000000700e00000, 0x0000000800000000)
  region size 2048K, 58 young (118784K), 7 survivors (14336K)
 Metaspace       used 20620K, committed 20864K, reserved 1073152K
  class space    used 1727K, committed 1856K, reserved 1048576K

Heap Regions: E=young(eden), S=young(survivor), O=old, HS=humongous(starts), HC=humongous(continues), CS=collection set, F=free, OA=open archive, CA=closed archive, TAMS=top-at-mark-start (previous, next)
|   0|0x0000000700e00000, 0x0000000701000000, 0x0000000701000000|100%| O|  |TAMS 0x0000000700e00000, 0x0000000701000000| Untracked 
|   1|0x0000000701000000, 0x000000070111fc00, 0x0000000701200000| 56%| O|  |TAMS 0x0000000701000000, 0x000000070111fc00| Untracked 
|   2|0x0000000701200000, 0x0000000701400000, 0x0000000701400000|100%|HS|  |TAMS 0x0000000701200000, 0x0000000701200000| Complete 
|   3|0x0000000701400000, 0x0000000701400000, 0x0000000701600000|  0%| F|  |TAMS 0x0000000701400000, 0x0000000701400000| Untracked 
|   4|0x0000000701600000, 0x0000000701600000, 0x0000000701800000|  0%| F|  |TAMS 0x0000000701600000, 0x0000000701600000| Untracked 
|   5|0x0000000701800000, 0x0000000701800000, 0x0000000701a00000|  0%| F|  |TAMS 0x0000000701800000, 0x0000000701800000| Untracked 
|   6|0x0000000701a00000, 0x0000000701a00000, 0x0000000701c00000|  0%| F|  |TAMS 0x0000000701a00000, 0x0000000701a00000| Untracked 
|   7|0x0000000701c00000, 0x0000000701c00000, 0x0000000701e00000|  0%| F|  |TAMS 0x0000000701c00000, 0x0000000701c00000| Untracked 
|   8|0x0000000701e00000, 0x0000000701e00000, 0x0000000702000000|  0%| F|  |TAMS 0x0000000701e00000, 0x0000000701e00000| Untracked 
|   9|0x0000000702000000, 0x0000000702000000, 0x0000000702200000|  0%| F|  |TAMS 0x0000000702000000, 0x0000000702000000| Untracked 
|  10|0x0000000702200000, 0x0000000702200000, 0x0000000702400000|  0%| F|  |TAMS 0x0000000702200000, 0x0000000702200000| Untracked 
|  11|0x0000000702400000, 0x0000000702400000, 0x0000000702600000|  0%| F|  |TAMS 0x0000000702400000, 0x0000000702400000| Untracked 
|  12|0x0000000702600000, 0x0000000702600000, 0x0000000702800000|  0%| F|  |TAMS 0x0000000702600000, 0x0000000702600000| Untracked 
|  13|0x0000000702800000, 0x0000000702800000, 0x0000000702a00000|  0%| F|  |TAMS 0x0000000702800000, 0x0000000702800000| Untracked 
|  14|0x0000000702a00000, 0x0000000702a00000, 0x0000000702c00000|  0%| F|  |TAMS 0x0000000702a00000, 0x0000000702a00000| Untracked 
|  15|0x0000000702c00000, 0x0000000702c00000, 0x0000000702e00000|  0%| F|  |TAMS 0x0000000702c00000, 0x0000000702c00000| Untracked 
|  16|0x0000000702e00000, 0x0000000702e00000, 0x0000000703000000|  0%| F|  |TAMS 0x0000000702e00000, 0x0000000702e00000| Untracked 
|  17|0x0000000703000000, 0x0000000703000000, 0x0000000703200000|  0%| F|  |TAMS 0x0000000703000000, 0x0000000703000000| Untracked 
|  18|0x0000000703200000, 0x0000000703200000, 0x0000000703400000|  0%| F|  |TAMS 0x0000000703200000, 0x0000000703200000| Untracked 
|  19|0x0000000703400000, 0x0000000703400000, 0x0000000703600000|  0%| F|  |TAMS 0x0000000703400000, 0x0000000703400000| Untracked 
|  20|0x0000000703600000, 0x0000000703600000, 0x0000000703800000|  0%| F|  |TAMS 0x0000000703600000, 0x0000000703600000| Untracked 
|  21|0x0000000703800000, 0x0000000703800000, 0x0000000703a00000|  0%| F|  |TAMS 0x0000000703800000, 0x0000000703800000| Untracked 
|  22|0x0000000703a00000, 0x0000000703a00000, 0x0000000703c00000|  0%| F|  |TAMS 0x0000000703a00000, 0x0000000703a00000| Untracked 
|  23|0x0000000703c00000, 0x0000000703c00000, 0x0000000703e00000|  0%| F|  |TAMS 0x0000000703c00000, 0x0000000703c00000| Untracked 
|  24|0x0000000703e00000, 0x0000000703e00000, 0x0000000704000000|  0%| F|  |TAMS 0x0000000703e00000, 0x0000000703e00000| Untracked 
|  25|0x0000000704000000, 0x0000000704000000, 0x0000000704200000|  0%| F|  |TAMS 0x0000000704000000, 0x0000000704000000| Untracked 
|  26|0x0000000704200000, 0x0000000704200000, 0x0000000704400000|  0%| F|  |TAMS 0x0000000704200000, 0x0000000704200000| Untracked 
|  27|0x0000000704400000, 0x0000000704400000, 0x0000000704600000|  0%| F|  |TAMS 0x0000000704400000, 0x0000000704400000| Untracked 
|  28|0x0000000704600000, 0x0000000704600000, 0x0000000704800000|  0%| F|  |TAMS 0x0000000704600000, 0x0000000704600000| Untracked 
|  29|0x0000000704800000, 0x0000000704800000, 0x0000000704a00000|  0%| F|  |TAMS 0x0000000704800000, 0x0000000704800000| Untracked 
|  30|0x0000000704a00000, 0x0000000704a00000, 0x0000000704c00000|  0%| F|  |TAMS 0x0000000704a00000, 0x0000000704a00000| Untracked 
|  31|0x0000000704c00000, 0x0000000704c00000, 0x0000000704e00000|  0%| F|  |TAMS 0x0000000704c00000, 0x0000000704c00000| Untracked 
|  32|0x0000000704e00000, 0x0000000704e00000, 0x0000000705000000|  0%| F|  |TAMS 0x0000000704e00000, 0x0000000704e00000| Untracked 
|  33|0x0000000705000000, 0x0000000705000000, 0x0000000705200000|  0%| F|  |TAMS 0x0000000705000000, 0x0000000705000000| Untracked 
|  34|0x0000000705200000, 0x0000000705200000, 0x0000000705400000|  0%| F|  |TAMS 0x0000000705200000, 0x0000000705200000| Untracked 
|  35|0x0000000705400000, 0x0000000705400000, 0x0000000705600000|  0%| F|  |TAMS 0x0000000705400000, 0x0000000705400000| Untracked 
|  36|0x0000000705600000, 0x0000000705600000, 0x0000000705800000|  0%| F|  |TAMS 0x0000000705600000, 0x0000000705600000| Untracked 
|  37|0x0000000705800000, 0x0000000705800000, 0x0000000705a00000|  0%| F|  |TAMS 0x0000000705800000, 0x0000000705800000| Untracked 
|  38|0x0000000705a00000, 0x0000000705a00000, 0x0000000705c00000|  0%| F|  |TAMS 0x0000000705a00000, 0x0000000705a00000| Untracked 
|  39|0x0000000705c00000, 0x0000000705c00000, 0x0000000705e00000|  0%| F|  |TAMS 0x0000000705c00000, 0x0000000705c00000| Untracked 
|  40|0x0000000705e00000, 0x0000000705e00000, 0x0000000706000000|  0%| F|  |TAMS 0x0000000705e00000, 0x0000000705e00000| Untracked 
|  41|0x0000000706000000, 0x0000000706000000, 0x0000000706200000|  0%| F|  |TAMS 0x0000000706000000, 0x0000000706000000| Untracked 
|  42|0x0000000706200000, 0x0000000706200000, 0x0000000706400000|  0%| F|  |TAMS 0x0000000706200000, 0x0000000706200000| Untracked 
|  43|0x0000000706400000, 0x0000000706400000, 0x0000000706600000|  0%| F|  |TAMS 0x0000000706400000, 0x0000000706400000| Untracked 
|  44|0x0000000706600000, 0x0000000706600000, 0x0000000706800000|  0%| F|  |TAMS 0x0000000706600000, 0x0000000706600000| Untracked 
|  45|0x0000000706800000, 0x0000000706800000, 0x0000000706a00000|  0%| F|  |TAMS 0x0000000706800000, 0x0000000706800000| Untracked 
|  46|0x0000000706a00000, 0x0000000706a00000, 0x0000000706c00000|  0%| F|  |TAMS 0x0000000706a00000, 0x0000000706a00000| Untracked 
|  47|0x0000000706c00000, 0x0000000706c00000, 0x0000000706e00000|  0%| F|  |TAMS 0x0000000706c00000, 0x0000000706c00000| Untracked 
|  48|0x0000000706e00000, 0x0000000706e00000, 0x0000000707000000|  0%| F|  |TAMS 0x0000000706e00000, 0x0000000706e00000| Untracked 
|  49|0x0000000707000000, 0x0000000707000000, 0x0000000707200000|  0%| F|  |TAMS 0x0000000707000000, 0x0000000707000000| Untracked 
|  50|0x0000000707200000, 0x0000000707200000, 0x0000000707400000|  0%| F|  |TAMS 0x0000000707200000, 0x0000000707200000| Untracked 
|  51|0x0000000707400000, 0x0000000707400000, 0x0000000707600000|  0%| F|  |TAMS 0x0000000707400000, 0x0000000707400000| Untracked 
|  52|0x0000000707600000, 0x0000000707600000, 0x0000000707800000|  0%| F|  |TAMS 0x0000000707600000, 0x0000000707600000| Untracked 
|  53|0x0000000707800000, 0x0000000707800000, 0x0000000707a00000|  0%| F|  |TAMS 0x0000000707800000, 0x0000000707800000| Untracked 
|  54|0x0000000707a00000, 0x0000000707a00000, 0x0000000707c00000|  0%| F|  |TAMS 0x0000000707a00000, 0x0000000707a00000| Untracked 
|  55|0x0000000707c00000, 0x0000000707c00000, 0x0000000707e00000|  0%| F|  |TAMS 0x0000000707c00000, 0x0000000707c00000| Untracked 
|  56|0x0000000707e00000, 0x0000000707e00000, 0x0000000708000000|  0%| F|  |TAMS 0x0000000707e00000, 0x0000000707e00000| Untracked 
|  57|0x0000000708000000, 0x0000000708000000, 0x0000000708200000|  0%| F|  |TAMS 0x0000000708000000, 0x0000000708000000| Untracked 
|  58|0x0000000708200000, 0x0000000708200000, 0x0000000708400000|  0%| F|  |TAMS 0x0000000708200000, 0x0000000708200000| Untracked 
|  59|0x0000000708400000, 0x0000000708400000, 0x0000000708600000|  0%| F|  |TAMS 0x0000000708400000, 0x0000000708400000| Untracked 
|  60|0x0000000708600000, 0x0000000708600000, 0x0000000708800000|  0%| F|  |TAMS 0x0000000708600000, 0x0000000708600000| Untracked 
|  61|0x0000000708800000, 0x00000007088780b0, 0x0000000708a00000| 23%| S|CS|TAMS 0x0000000708800000, 0x0000000708800000| Complete 
|  62|0x0000000708a00000, 0x0000000708c00000, 0x0000000708c00000|100%| S|CS|TAMS 0x0000000708a00000, 0x0000000708a00000| Complete 
|  63|0x0000000708c00000, 0x0000000708e00000, 0x0000000708e00000|100%| S|CS|TAMS 0x0000000708c00000, 0x0000000708c00000| Complete 
|  64|0x0000000708e00000, 0x0000000709000000, 0x0000000709000000|100%| S|CS|TAMS 0x0000000708e00000, 0x0000000708e00000| Complete 
|  65|0x0000000709000000, 0x0000000709200000, 0x0000000709200000|100%| S|CS|TAMS 0x0000000709000000, 0x0000000709000000| Complete 
|  66|0x0000000709200000, 0x0000000709400000, 0x0000000709400000|100%| S|CS|TAMS 0x0000000709200000, 0x0000000709200000| Complete 
|  67|0x0000000709400000, 0x0000000709600000, 0x0000000709600000|100%| S|CS|TAMS 0x0000000709400000, 0x0000000709400000| Complete 
|  68|0x0000000709600000, 0x0000000709600000, 0x0000000709800000|  0%| F|  |TAMS 0x0000000709600000, 0x0000000709600000| Untracked 
|  69|0x0000000709800000, 0x0000000709800000, 0x0000000709a00000|  0%| F|  |TAMS 0x0000000709800000, 0x0000000709800000| Untracked 
|  70|0x0000000709a00000, 0x0000000709a00000, 0x0000000709c00000|  0%| F|  |TAMS 0x0000000709a00000, 0x0000000709a00000| Untracked 
|  71|0x0000000709c00000, 0x0000000709c00000, 0x0000000709e00000|  0%| F|  |TAMS 0x0000000709c00000, 0x0000000709c00000| Untracked 
|  72|0x0000000709e00000, 0x0000000709e00000, 0x000000070a000000|  0%| F|  |TAMS 0x0000000709e00000, 0x0000000709e00000| Untracked 
|  73|0x000000070a000000, 0x000000070a000000, 0x000000070a200000|  0%| F|  |TAMS 0x000000070a000000, 0x000000070a000000| Untracked 
|  74|0x000000070a200000, 0x000000070a200000, 0x000000070a400000|  0%| F|  |TAMS 0x000000070a200000, 0x000000070a200000| Untracked 
|  75|0x000000070a400000, 0x000000070a400000, 0x000000070a600000|  0%| F|  |TAMS 0x000000070a400000, 0x000000070a400000| Untracked 
|  76|0x000000070a600000, 0x000000070a600000, 0x000000070a800000|  0%| F|  |TAMS 0x000000070a600000, 0x000000070a600000| Untracked 
|  77|0x000000070a800000, 0x000000070a800000, 0x000000070aa00000|  0%| F|  |TAMS 0x000000070a800000, 0x000000070a800000| Untracked 
|  78|0x000000070aa00000, 0x000000070aa00000, 0x000000070ac00000|  0%| F|  |TAMS 0x000000070aa00000, 0x000000070aa00000| Untracked 
|  79|0x000000070ac00000, 0x000000070ac00000, 0x000000070ae00000|  0%| F|  |TAMS 0x000000070ac00000, 0x000000070ac00000| Untracked 
|  80|0x000000070ae00000, 0x000000070ae00000, 0x000000070b000000|  0%| F|  |TAMS 0x000000070ae00000, 0x000000070ae00000| Untracked 
|  81|0x000000070b000000, 0x000000070b000000, 0x000000070b200000|  0%| F|  |TAMS 0x000000070b000000, 0x000000070b000000| Untracked 
|  82|0x000000070b200000, 0x000000070b200000, 0x000000070b400000|  0%| F|  |TAMS 0x000000070b200000, 0x000000070b200000| Untracked 
|  83|0x000000070b400000, 0x000000070b400000, 0x000000070b600000|  0%| F|  |TAMS 0x000000070b400000, 0x000000070b400000| Untracked 
|  84|0x000000070b600000, 0x000000070b600000, 0x000000070b800000|  0%| F|  |TAMS 0x000000070b600000, 0x000000070b600000| Untracked 
|  85|0x000000070b800000, 0x000000070b800000, 0x000000070ba00000|  0%| F|  |TAMS 0x000000070b800000, 0x000000070b800000| Untracked 
|  86|0x000000070ba00000, 0x000000070ba00000, 0x000000070bc00000|  0%| F|  |TAMS 0x000000070ba00000, 0x000000070ba00000| Untracked 
|  87|0x000000070bc00000, 0x000000070bc00000, 0x000000070be00000|  0%| F|  |TAMS 0x000000070bc00000, 0x000000070bc00000| Untracked 
|  88|0x000000070be00000, 0x000000070be00000, 0x000000070c000000|  0%| F|  |TAMS 0x000000070be00000, 0x000000070be00000| Untracked 
|  89|0x000000070c000000, 0x000000070c000000, 0x000000070c200000|  0%| F|  |TAMS 0x000000070c000000, 0x000000070c000000| Untracked 
|  90|0x000000070c200000, 0x000000070c200000, 0x000000070c400000|  0%| F|  |TAMS 0x000000070c200000, 0x000000070c200000| Untracked 
|  91|0x000000070c400000, 0x000000070c400000, 0x000000070c600000|  0%| F|  |TAMS 0x000000070c400000, 0x000000070c400000| Untracked 
|  92|0x000000070c600000, 0x000000070c600000, 0x000000070c800000|  0%| F|  |TAMS 0x000000070c600000, 0x000000070c600000| Untracked 
|  93|0x000000070c800000, 0x000000070c800000, 0x000000070ca00000|  0%| F|  |TAMS 0x000000070c800000, 0x000000070c800000| Untracked 
|  94|0x000000070ca00000, 0x000000070ca00000, 0x000000070cc00000|  0%| F|  |TAMS 0x000000070ca00000, 0x000000070ca00000| Untracked 
|  95|0x000000070cc00000, 0x000000070cc00000, 0x000000070ce00000|  0%| F|  |TAMS 0x000000070cc00000, 0x000000070cc00000| Untracked 
|  96|0x000000070ce00000, 0x000000070ce00000, 0x000000070d000000|  0%| F|  |TAMS 0x000000070ce00000, 0x000000070ce00000| Untracked 
|  97|0x000000070d000000, 0x000000070d000000, 0x000000070d200000|  0%| F|  |TAMS 0x000000070d000000, 0x000000070d000000| Untracked 
|  98|0x000000070d200000, 0x000000070d200000, 0x000000070d400000|  0%| F|  |TAMS 0x000000070d200000, 0x000000070d200000| Untracked 
|  99|0x000000070d400000, 0x000000070d400000, 0x000000070d600000|  0%| F|  |TAMS 0x000000070d400000, 0x000000070d400000| Untracked 
| 100|0x000000070d600000, 0x000000070d600000, 0x000000070d800000|  0%| F|  |TAMS 0x000000070d600000, 0x000000070d600000| Untracked 
| 101|0x000000070d800000, 0x000000070d800000, 0x000000070da00000|  0%| F|  |TAMS 0x000000070d800000, 0x000000070d800000| Untracked 
| 102|0x000000070da00000, 0x000000070da00000, 0x000000070dc00000|  0%| F|  |TAMS 0x000000070da00000, 0x000000070da00000| Untracked 
| 103|0x000000070dc00000, 0x000000070dd00800, 0x000000070de00000| 50%| E|  |TAMS 0x000000070dc00000, 0x000000070dc00000| Complete 
| 104|0x000000070de00000, 0x000000070e000000, 0x000000070e000000|100%| E|CS|TAMS 0x000000070de00000, 0x000000070de00000| Complete 
| 105|0x000000070e000000, 0x000000070e200000, 0x000000070e200000|100%| E|CS|TAMS 0x000000070e000000, 0x000000070e000000| Complete 
| 106|0x000000070e200000, 0x000000070e400000, 0x000000070e400000|100%| E|CS|TAMS 0x000000070e200000, 0x000000070e200000| Complete 
| 107|0x000000070e400000, 0x000000070e600000, 0x000000070e600000|100%| E|CS|TAMS 0x000000070e400000, 0x000000070e400000| Complete 
| 108|0x000000070e600000, 0x000000070e800000, 0x000000070e800000|100%| E|CS|TAMS 0x000000070e600000, 0x000000070e600000| Complete 
| 109|0x000000070e800000, 0x000000070ea00000, 0x000000070ea00000|100%| E|CS|TAMS 0x000000070e800000, 0x000000070e800000| Complete 
| 110|0x000000070ea00000, 0x000000070ec00000, 0x000000070ec00000|100%| E|CS|TAMS 0x000000070ea00000, 0x000000070ea00000| Complete 
| 111|0x000000070ec00000, 0x000000070ee00000, 0x000000070ee00000|100%| E|CS|TAMS 0x000000070ec00000, 0x000000070ec00000| Complete 
| 112|0x000000070ee00000, 0x000000070f000000, 0x000000070f000000|100%| E|CS|TAMS 0x000000070ee00000, 0x000000070ee00000| Complete 
| 113|0x000000070f000000, 0x000000070f200000, 0x000000070f200000|100%| E|CS|TAMS 0x000000070f000000, 0x000000070f000000| Complete 
| 114|0x000000070f200000, 0x000000070f400000, 0x000000070f400000|100%| E|CS|TAMS 0x000000070f200000, 0x000000070f200000| Complete 
| 115|0x000000070f400000, 0x000000070f600000, 0x000000070f600000|100%| E|CS|TAMS 0x000000070f400000, 0x000000070f400000| Complete 
| 116|0x000000070f600000, 0x000000070f800000, 0x000000070f800000|100%| E|CS|TAMS 0x000000070f600000, 0x000000070f600000| Complete 
| 117|0x000000070f800000, 0x000000070fa00000, 0x000000070fa00000|100%| E|CS|TAMS 0x000000070f800000, 0x000000070f800000| Complete 
| 118|0x000000070fa00000, 0x000000070fc00000, 0x000000070fc00000|100%| E|CS|TAMS 0x000000070fa00000, 0x000000070fa00000| Complete 
| 119|0x000000070fc00000, 0x000000070fe00000, 0x000000070fe00000|100%| E|CS|TAMS 0x000000070fc00000, 0x000000070fc00000| Complete 
| 120|0x000000070fe00000, 0x0000000710000000, 0x0000000710000000|100%| E|CS|TAMS 0x000000070fe00000, 0x000000070fe00000| Complete 
| 121|0x0000000710000000, 0x0000000710200000, 0x0000000710200000|100%| E|CS|TAMS 0x0000000710000000, 0x0000000710000000| Complete 
| 122|0x0000000710200000, 0x0000000710400000, 0x0000000710400000|100%| E|CS|TAMS 0x0000000710200000, 0x0000000710200000| Complete 
| 123|0x0000000710400000, 0x0000000710600000, 0x0000000710600000|100%| E|CS|TAMS 0x0000000710400000, 0x0000000710400000| Complete 
| 124|0x0000000710600000, 0x0000000710800000, 0x0000000710800000|100%| E|CS|TAMS 0x0000000710600000, 0x0000000710600000| Complete 
| 125|0x0000000710800000, 0x0000000710a00000, 0x0000000710a00000|100%| E|CS|TAMS 0x0000000710800000, 0x0000000710800000| Complete 
| 126|0x0000000710a00000, 0x0000000710c00000, 0x0000000710c00000|100%| E|CS|TAMS 0x0000000710a00000, 0x0000000710a00000| Complete 
| 127|0x0000000710c00000, 0x0000000710e00000, 0x0000000710e00000|100%| E|CS|TAMS 0x0000000710c00000, 0x0000000710c00000| Complete 
| 128|0x0000000710e00000, 0x0000000711000000, 0x0000000711000000|100%| E|CS|TAMS 0x0000000710e00000, 0x0000000710e00000| Complete 
| 129|0x0000000711000000, 0x0000000711200000, 0x0000000711200000|100%| E|CS|TAMS 0x0000000711000000, 0x0000000711000000| Complete 
| 130|0x0000000711200000, 0x0000000711400000, 0x0000000711400000|100%| E|CS|TAMS 0x0000000711200000, 0x0000000711200000| Complete 
| 131|0x0000000711400000, 0x0000000711600000, 0x0000000711600000|100%| E|CS|TAMS 0x0000000711400000, 0x0000000711400000| Complete 
| 132|0x0000000711600000, 0x0000000711800000, 0x0000000711800000|100%| E|CS|TAMS 0x0000000711600000, 0x0000000711600000| Complete 
| 133|0x0000000711800000, 0x0000000711a00000, 0x0000000711a00000|100%| E|CS|TAMS 0x0000000711800000, 0x0000000711800000| Complete 
| 134|0x0000000711a00000, 0x0000000711c00000, 0x0000000711c00000|100%| E|CS|TAMS 0x0000000711a00000, 0x0000000711a00000| Complete 
| 135|0x0000000711c00000, 0x0000000711e00000, 0x0000000711e00000|100%| E|CS|TAMS 0x0000000711c00000, 0x0000000711c00000| Complete 
| 136|0x0000000711e00000, 0x0000000712000000, 0x0000000712000000|100%| E|CS|TAMS 0x0000000711e00000, 0x0000000711e00000| Complete 
| 137|0x0000000712000000, 0x0000000712200000, 0x0000000712200000|100%| E|CS|TAMS 0x0000000712000000, 0x0000000712000000| Complete 
| 138|0x0000000712200000, 0x0000000712400000, 0x0000000712400000|100%| E|CS|TAMS 0x0000000712200000, 0x0000000712200000| Complete 
| 139|0x0000000712400000, 0x0000000712600000, 0x0000000712600000|100%| E|CS|TAMS 0x0000000712400000, 0x0000000712400000| Complete 
| 140|0x0000000712600000, 0x0000000712800000, 0x0000000712800000|100%| E|CS|TAMS 0x0000000712600000, 0x0000000712600000| Complete 
| 141|0x0000000712800000, 0x0000000712a00000, 0x0000000712a00000|100%| E|CS|TAMS 0x0000000712800000, 0x0000000712800000| Complete 
| 142|0x0000000712a00000, 0x0000000712c00000, 0x0000000712c00000|100%| E|CS|TAMS 0x0000000712a00000, 0x0000000712a00000| Complete 
| 143|0x0000000712c00000, 0x0000000712e00000, 0x0000000712e00000|100%| E|CS|TAMS 0x0000000712c00000, 0x0000000712c00000| Complete 
| 144|0x0000000712e00000, 0x0000000713000000, 0x0000000713000000|100%| E|CS|TAMS 0x0000000712e00000, 0x0000000712e00000| Complete 
| 145|0x0000000713000000, 0x0000000713200000, 0x0000000713200000|100%| E|CS|TAMS 0x0000000713000000, 0x0000000713000000| Complete 
| 146|0x0000000713200000, 0x0000000713400000, 0x0000000713400000|100%| E|CS|TAMS 0x0000000713200000, 0x0000000713200000| Complete 
| 147|0x0000000713400000, 0x0000000713600000, 0x0000000713600000|100%| E|CS|TAMS 0x0000000713400000, 0x0000000713400000| Complete 
| 148|0x0000000713600000, 0x0000000713800000, 0x0000000713800000|100%| E|CS|TAMS 0x0000000713600000, 0x0000000713600000| Complete 
| 149|0x0000000713800000, 0x0000000713a00000, 0x0000000713a00000|100%| E|CS|TAMS 0x0000000713800000, 0x0000000713800000| Complete 
| 150|0x0000000713a00000, 0x0000000713c00000, 0x0000000713c00000|100%| E|CS|TAMS 0x0000000713a00000, 0x0000000713a00000| Complete 
| 151|0x0000000713c00000, 0x0000000713e00000, 0x0000000713e00000|100%| E|CS|TAMS 0x0000000713c00000, 0x0000000713c00000| Complete 
| 152|0x0000000713e00000, 0x0000000714000000, 0x0000000714000000|100%| E|CS|TAMS 0x0000000713e00000, 0x0000000713e00000| Complete 
| 153|0x0000000714000000, 0x0000000714200000, 0x0000000714200000|100%| E|CS|TAMS 0x0000000714000000, 0x0000000714000000| Complete 

Card table byte_map: [0x0000015c49dc0000,0x0000015c4a5c0000] _byte_map_base: 0x0000015c465b9000

Marking Bits (Prev, Next): (CMBitMap*) 0x0000015c36fbee30, (CMBitMap*) 0x0000015c36fbee70
 Prev Bits: [0x0000015c4adc0000, 0x0000015c4ed88000)
 Next Bits: [0x0000015c4ed90000, 0x0000015c52d58000)

Polling page: 0x0000015c34f00000

Metaspace:

Usage:
  Non-class:     18.45 MB used.
      Class:      1.69 MB used.
       Both:     20.14 MB used.

Virtual space:
  Non-class space:       24.00 MB reserved,      18.56 MB ( 77%) committed,  3 nodes.
      Class space:        1.00 GB reserved,       1.81 MB ( <1%) committed,  1 nodes.
             Both:        1.02 GB reserved,      20.38 MB (  2%) committed. 

Chunk freelists:
   Non-Class:  720.00 KB
       Class:  2.17 MB
        Both:  2.88 MB

MaxMetaspaceSize: unlimited
CompressedClassSpaceSize: 1.00 GB
Initial GC threshold: 21.00 MB
Current GC threshold: 21.00 MB
CDS: off
MetaspaceReclaimPolicy: balanced
 - commit_granule_bytes: 65536.
 - commit_granule_words: 8192.
 - virtual_space_node_default_size: 1048576.
 - enlarge_chunks_in_place: 1.
 - new_chunks_are_fully_committed: 0.
 - uncommit_free_chunks: 1.
 - use_allocation_guard: 0.
 - handle_deallocations: 1.


Internal statistics:

num_allocs_failed_limit: 0.
num_arena_births: 156.
num_arena_deaths: 0.
num_vsnodes_births: 4.
num_vsnodes_deaths: 0.
num_space_committed: 324.
num_space_uncommitted: 0.
num_chunks_returned_to_freelist: 0.
num_chunks_taken_from_freelist: 554.
num_chunk_merges: 0.
num_chunk_splits: 379.
num_chunks_enlarged: 299.
num_purges: 0.
num_inconsistent_stats: 0.

CodeHeap 'non-profiled nmethods': size=120000Kb used=1740Kb max_used=1740Kb free=118259Kb
 bounds [0x0000015c42090000, 0x0000015c42300000, 0x0000015c495c0000]
CodeHeap 'profiled nmethods': size=120000Kb used=4765Kb max_used=4765Kb free=115235Kb
 bounds [0x0000015c3ab60000, 0x0000015c3b010000, 0x0000015c42090000]
CodeHeap 'non-nmethods': size=5760Kb used=1773Kb max_used=1821Kb free=3986Kb
 bounds [0x0000015c3a5c0000, 0x0000015c3a830000, 0x0000015c3ab60000]
 total_blobs=3921 nmethods=2665 adapters=1168
 compilation: enabled
              stopped_count=0, restarted_count=0
 full_count=0

Compilation events (20 events):
Event: 6.330 Thread 0x0000015c55cc4f80 2662   !   3       lwjgui.scene.layout.OpenGLPane::render (432 bytes)
Event: 6.331 Thread 0x0000015c55cc4f80 nmethod 2662 0x0000015c3affa610 code [0x0000015c3affac60, 0x0000015c3affe6a8]
Event: 6.332 Thread 0x0000015c55cc4f80 2663       3       org.joml.Vector2i::equals (59 bytes)
Event: 6.332 Thread 0x0000015c55cc4f80 nmethod 2663 0x0000015c3afffd10 code [0x0000015c3afffee0, 0x0000015c3b000358]
Event: 6.332 Thread 0x0000015c55cc4f80 2664       3       lwjgui.gl.OffscreenBuffer::bind (19 bytes)
Event: 6.332 Thread 0x0000015c55cc4f80 nmethod 2664 0x0000015c3b000490 code [0x0000015c3b000660, 0x0000015c3b0008b8]
Event: 6.332 Thread 0x0000015c55cc4f80 2665       3       manatee.primitives.gl.PointRenderer::preRender (1 bytes)
Event: 6.332 Thread 0x0000015c55cc4f80 nmethod 2665 0x0000015c3b000a10 code [0x0000015c3b000ba0, 0x0000015c3b000cb8]
Event: 6.332 Thread 0x0000015c55cc4f80 2666       3       manatee.client.gl.renderer.TileRenderer::drawWater (192 bytes)
Event: 6.333 Thread 0x0000015c55cc4f80 nmethod 2666 0x0000015c3b000d90 code [0x0000015c3b0012a0, 0x0000015c3b003528]
Event: 6.333 Thread 0x0000015c55cc4f80 2667       3       manatee.client.dev.ConsoleSuggestions::render (248 bytes)
Event: 6.334 Thread 0x0000015c55cc4f80 nmethod 2667 0x0000015c3b004610 code [0x0000015c3b004aa0, 0x0000015c3b0069f8]
Event: 6.339 Thread 0x0000015c55cb67e0 2668       4       lwjgui.scene.control.TreeItem::setTree (56 bytes)
Event: 6.341 Thread 0x0000015c55cb67e0 nmethod 2668 0x0000015c4223cf10 code [0x0000015c4223d0a0, 0x0000015c4223d2d8]
Event: 6.341 Thread 0x0000015c55cb67e0 2669       4       lwjgui.scene.control.TreeNode::render (195 bytes)
Event: 6.352 Thread 0x0000015c55cb67e0 nmethod 2669 0x0000015c4223d490 code [0x0000015c4223d6a0, 0x0000015c4223e188]
Event: 6.356 Thread 0x0000015c55cb67e0 2670       4       lwjgui.style.BlockPaneRenderer::render (475 bytes)
Event: 6.379 Thread 0x0000015c55cb67e0 nmethod 2670 0x0000015c4223ed10 code [0x0000015c4223f140, 0x0000015c42241138]
Event: 6.380 Thread 0x0000015c55cb67e0 2671       4       org.lwjgl.system.MemoryUtil::address (11 bytes)
Event: 6.380 Thread 0x0000015c55cb67e0 nmethod 2671 0x0000015c42243010 code [0x0000015c42243180, 0x0000015c422431f8]

GC Heap History (20 events):
Event: 0.471 GC heap before
{Heap before GC invocations=0 (full 0):
 garbage-first heap   total 262144K, used 12288K [0x0000000700e00000, 0x0000000800000000)
  region size 2048K, 6 young (12288K), 0 survivors (0K)
 Metaspace       used 8008K, committed 8192K, reserved 1056768K
  class space    used 704K, committed 768K, reserved 1048576K
}
Event: 0.474 GC heap after
{Heap after GC invocations=1 (full 0):
 garbage-first heap   total 262144K, used 3301K [0x0000000700e00000, 0x0000000800000000)
  region size 2048K, 1 young (2048K), 1 survivors (2048K)
 Metaspace       used 8008K, committed 8192K, reserved 1056768K
  class space    used 704K, committed 768K, reserved 1048576K
}
Event: 1.331 GC heap before
{Heap before GC invocations=1 (full 0):
 garbage-first heap   total 262144K, used 13541K [0x0000000700e00000, 0x0000000800000000)
  region size 2048K, 7 young (14336K), 1 survivors (2048K)
 Metaspace       used 12900K, committed 13120K, reserved 1064960K
  class space    used 1037K, committed 1152K, reserved 1048576K
}
Event: 1.334 GC heap after
{Heap after GC invocations=2 (full 0):
 garbage-first heap   total 262144K, used 4281K [0x0000000700e00000, 0x0000000800000000)
  region size 2048K, 1 young (2048K), 1 survivors (2048K)
 Metaspace       used 12900K, committed 13120K, reserved 1064960K
  class space    used 1037K, committed 1152K, reserved 1048576K
}
Event: 1.622 GC heap before
{Heap before GC invocations=2 (full 0):
 garbage-first heap   total 262144K, used 125113K [0x0000000700e00000, 0x0000000800000000)
  region size 2048K, 6 young (12288K), 1 survivors (2048K)
 Metaspace       used 15245K, committed 15488K, reserved 1064960K
  class space    used 1237K, committed 1344K, reserved 1048576K
}
Event: 1.623 GC heap after
{Heap after GC invocations=3 (full 0):
 garbage-first heap   total 262144K, used 4510K [0x0000000700e00000, 0x0000000800000000)
  region size 2048K, 1 young (2048K), 1 survivors (2048K)
 Metaspace       used 15245K, committed 15488K, reserved 1064960K
  class space    used 1237K, committed 1344K, reserved 1048576K
}
Event: 1.686 GC heap before
{Heap before GC invocations=3 (full 0):
 garbage-first heap   total 262144K, used 100766K [0x0000000700e00000, 0x0000000800000000)
  region size 2048K, 5 young (10240K), 1 survivors (2048K)
 Metaspace       used 15249K, committed 15488K, reserved 1064960K
  class space    used 1237K, committed 1344K, reserved 1048576K
}
Event: 1.688 GC heap after
{Heap after GC invocations=4 (full 0):
 garbage-first heap   total 262144K, used 41295K [0x0000000700e00000, 0x0000000800000000)
  region size 2048K, 1 young (2048K), 1 survivors (2048K)
 Metaspace       used 15249K, committed 15488K, reserved 1064960K
  class space    used 1237K, committed 1344K, reserved 1048576K
}
Event: 2.490 GC heap before
{Heap before GC invocations=4 (full 0):
 garbage-first heap   total 262144K, used 141647K [0x0000000700e00000, 0x0000000800000000)
  region size 2048K, 14 young (28672K), 1 survivors (2048K)
 Metaspace       used 18230K, committed 18432K, reserved 1073152K
  class space    used 1560K, committed 1664K, reserved 1048576K
}
Event: 2.492 GC heap after
{Heap after GC invocations=5 (full 0):
 garbage-first heap   total 262144K, used 17361K [0x0000000700e00000, 0x0000000800000000)
  region size 2048K, 1 young (2048K), 1 survivors (2048K)
 Metaspace       used 18230K, committed 18432K, reserved 1073152K
  class space    used 1560K, committed 1664K, reserved 1048576K
}
Event: 2.584 GC heap before
{Heap before GC invocations=5 (full 0):
 garbage-first heap   total 262144K, used 125905K [0x0000000700e00000, 0x0000000800000000)
  region size 2048K, 6 young (12288K), 1 survivors (2048K)
 Metaspace       used 18532K, committed 18752K, reserved 1073152K
  class space    used 1625K, committed 1728K, reserved 1048576K
}
Event: 2.585 GC heap after
{Heap after GC invocations=6 (full 0):
 garbage-first heap   total 262144K, used 5405K [0x0000000700e00000, 0x0000000800000000)
  region size 2048K, 2 young (4096K), 2 survivors (4096K)
 Metaspace       used 18532K, committed 18752K, reserved 1073152K
  class space    used 1625K, committed 1728K, reserved 1048576K
}
Event: 3.415 GC heap before
{Heap before GC invocations=6 (full 0):
 garbage-first heap   total 262144K, used 240925K [0x0000000700e00000, 0x0000000800000000)
  region size 2048K, 62 young (126976K), 2 survivors (4096K)
 Metaspace       used 20312K, committed 20544K, reserved 1073152K
  class space    used 1720K, committed 1856K, reserved 1048576K
}
Event: 3.432 GC heap after
{Heap after GC invocations=7 (full 0):
 garbage-first heap   total 262144K, used 12233K [0x0000000700e00000, 0x0000000800000000)
  region size 2048K, 5 young (10240K), 5 survivors (10240K)
 Metaspace       used 20312K, committed 20544K, reserved 1073152K
  class space    used 1720K, committed 1856K, reserved 1048576K
}
Event: 4.038 GC heap before
{Heap before GC invocations=7 (full 0):
 garbage-first heap   total 262144K, used 219081K [0x0000000700e00000, 0x0000000800000000)
  region size 2048K, 60 young (122880K), 5 survivors (10240K)
 Metaspace       used 20411K, committed 20672K, reserved 1073152K
  class space    used 1724K, committed 1856K, reserved 1048576K
}
Event: 4.052 GC heap after
{Heap after GC invocations=8 (full 0):
 garbage-first heap   total 262144K, used 48608K [0x0000000700e00000, 0x0000000800000000)
  region size 2048K, 5 young (10240K), 5 survivors (10240K)
 Metaspace       used 20411K, committed 20672K, reserved 1073152K
  class space    used 1724K, committed 1856K, reserved 1048576K
}
Event: 4.848 GC heap before
{Heap before GC invocations=8 (full 0):
 garbage-first heap   total 262144K, used 226784K [0x0000000700e00000, 0x0000000800000000)
  region size 2048K, 76 young (155648K), 5 survivors (10240K)
 Metaspace       used 20515K, committed 20800K, reserved 1073152K
  class space    used 1725K, committed 1856K, reserved 1048576K
}
Event: 4.869 GC heap after
{Heap after GC invocations=9 (full 0):
 garbage-first heap   total 315392K, used 14592K [0x0000000700e00000, 0x0000000800000000)
  region size 2048K, 6 young (12288K), 6 survivors (12288K)
 Metaspace       used 20515K, committed 20800K, reserved 1073152K
  class space    used 1725K, committed 1856K, reserved 1048576K
}
Event: 5.848 GC heap before
{Heap before GC invocations=9 (full 0):
 garbage-first heap   total 315392K, used 190720K [0x0000000700e00000, 0x0000000800000000)
  region size 2048K, 92 young (188416K), 6 survivors (12288K)
 Metaspace       used 20575K, committed 20800K, reserved 1073152K
  class space    used 1727K, committed 1856K, reserved 1048576K
}
Event: 5.873 GC heap after
{Heap after GC invocations=10 (full 0):
 garbage-first heap   total 315392K, used 15967K [0x0000000700e00000, 0x0000000800000000)
  region size 2048K, 7 young (14336K), 7 survivors (14336K)
 Metaspace       used 20575K, committed 20800K, reserved 1073152K
  class space    used 1727K, committed 1856K, reserved 1048576K
}

Deoptimization events (20 events):
Event: 6.325 Thread 0x0000015c36f6e620 Uncommon trap: trap_request=0xffffffc6 fr.pc=0x0000015c4222f3f8 relative=0x0000000000001778
Event: 6.325 Thread 0x0000015c36f6e620 Uncommon trap: reason=bimorphic_or_optimized_type_check action=maybe_recompile pc=0x0000015c4222f3f8 method=lwjgui.style.BlockPaneRenderer.render(Llwjgui/scene/Context;Llwjgui/style/BlockPaneRenderer;)V @ 6 c2
Event: 6.325 Thread 0x0000015c36f6e620 DEOPT PACKING pc=0x0000015c4222f3f8 sp=0x00000020f4ffec50
Event: 6.325 Thread 0x0000015c36f6e620 DEOPT UNPACKING pc=0x0000015c3a6123a3 sp=0x00000020f4ffec20 mode 2
Event: 6.329 Thread 0x0000015c36f6e620 Uncommon trap: trap_request=0xffffffc6 fr.pc=0x0000015c4222f3f8 relative=0x0000000000001778
Event: 6.329 Thread 0x0000015c36f6e620 Uncommon trap: reason=bimorphic_or_optimized_type_check action=maybe_recompile pc=0x0000015c4222f3f8 method=lwjgui.style.BlockPaneRenderer.render(Llwjgui/scene/Context;Llwjgui/style/BlockPaneRenderer;)V @ 6 c2
Event: 6.330 Thread 0x0000015c36f6e620 DEOPT PACKING pc=0x0000015c4222f3f8 sp=0x00000020f4ffec50
Event: 6.330 Thread 0x0000015c36f6e620 DEOPT UNPACKING pc=0x0000015c3a6123a3 sp=0x00000020f4ffec20 mode 2
Event: 6.338 Thread 0x0000015c36f6e620 Uncommon trap: trap_request=0xffffffc6 fr.pc=0x0000015c4222f3f8 relative=0x0000000000001778
Event: 6.338 Thread 0x0000015c36f6e620 Uncommon trap: reason=bimorphic_or_optimized_type_check action=maybe_recompile pc=0x0000015c4222f3f8 method=lwjgui.style.BlockPaneRenderer.render(Llwjgui/scene/Context;Llwjgui/style/BlockPaneRenderer;)V @ 6 c2
Event: 6.338 Thread 0x0000015c36f6e620 DEOPT PACKING pc=0x0000015c4222f3f8 sp=0x00000020f4ffec50
Event: 6.338 Thread 0x0000015c36f6e620 DEOPT UNPACKING pc=0x0000015c3a6123a3 sp=0x00000020f4ffec20 mode 2
Event: 6.346 Thread 0x0000015c36f6e620 Uncommon trap: trap_request=0xffffffc6 fr.pc=0x0000015c4222f3f8 relative=0x0000000000001778
Event: 6.346 Thread 0x0000015c36f6e620 Uncommon trap: reason=bimorphic_or_optimized_type_check action=maybe_recompile pc=0x0000015c4222f3f8 method=lwjgui.style.BlockPaneRenderer.render(Llwjgui/scene/Context;Llwjgui/style/BlockPaneRenderer;)V @ 6 c2
Event: 6.346 Thread 0x0000015c36f6e620 DEOPT PACKING pc=0x0000015c4222f3f8 sp=0x00000020f4ffec50
Event: 6.346 Thread 0x0000015c36f6e620 DEOPT UNPACKING pc=0x0000015c3a6123a3 sp=0x00000020f4ffec20 mode 2
Event: 6.423 Thread 0x0000015c36f6e620 Uncommon trap: trap_request=0xffffff45 fr.pc=0x0000015c4218aadc relative=0x000000000000061c
Event: 6.423 Thread 0x0000015c36f6e620 Uncommon trap: reason=unstable_if action=reinterpret pc=0x0000015c4218aadc method=lwjgui.font.Font.getTextBounds(Llwjgui/scene/Context;Ljava/lang/String;Llwjgui/font/FontStyle;D[F)[F @ 12 c2
Event: 6.423 Thread 0x0000015c36f6e620 DEOPT PACKING pc=0x0000015c4218aadc sp=0x00000020f4ffe540
Event: 6.423 Thread 0x0000015c36f6e620 DEOPT UNPACKING pc=0x0000015c3a6123a3 sp=0x00000020f4ffe500 mode 2

Classes unloaded (0 events):
No events

Classes redefined (0 events):
No events

Internal exceptions (20 events):
Event: 1.370 Thread 0x0000015c36f6e620 Exception <a 'java/lang/NoSuchMethodError'{0x0000000710a5a408}: 'void java.lang.invoke.DirectMethodHandle$Holder.invokeStatic(java.lang.Object, long)'> (0x0000000710a5a408) 
thrown [e:\jenkins\tmp\workspace\build\src\src\hotspot\share\interpreter\linkResolver.cpp, line 766]
Event: 1.381 Thread 0x0000015c36f6e620 Exception <a 'sun/nio/fs/WindowsException'{0x0000000710a9fb80}> (0x0000000710a9fb80) 
thrown [e:\jenkins\tmp\workspace\build\src\src\hotspot\share\prims\jni.cpp, line 516]
Event: 1.381 Thread 0x0000015c36f6e620 Exception <a 'sun/nio/fs/WindowsException'{0x0000000710a9fee0}> (0x0000000710a9fee0) 
thrown [e:\jenkins\tmp\workspace\build\src\src\hotspot\share\prims\jni.cpp, line 516]
Event: 1.472 Thread 0x0000015c36f6e620 Exception <a 'java/lang/NoSuchMethodError'{0x00000007109163f0}: 'void java.lang.invoke.DirectMethodHandle$Holder.invokeSpecial(java.lang.Object, java.lang.Object, long)'> (0x00000007109163f0) 
thrown [e:\jenkins\tmp\workspace\build\src\src\hotspot\share\interpreter\linkResolver.cpp, line 766]
Event: 1.498 Thread 0x0000015c36f6e620 Exception <a 'sun/nio/fs/WindowsException'{0x00000007109b7800}> (0x00000007109b7800) 
thrown [e:\jenkins\tmp\workspace\build\src\src\hotspot\share\prims\jni.cpp, line 516]
Event: 1.498 Thread 0x0000015c36f6e620 Exception <a 'sun/nio/fs/WindowsException'{0x00000007109b7b88}> (0x00000007109b7b88) 
thrown [e:\jenkins\tmp\workspace\build\src\src\hotspot\share\prims\jni.cpp, line 516]
Event: 1.746 Thread 0x0000015c36f6e620 Exception <a 'sun/nio/fs/WindowsException'{0x0000000710da1aa0}> (0x0000000710da1aa0) 
thrown [e:\jenkins\tmp\workspace\build\src\src\hotspot\share\prims\jni.cpp, line 516]
Event: 1.746 Thread 0x0000015c36f6e620 Exception <a 'sun/nio/fs/WindowsException'{0x0000000710da1d20}> (0x0000000710da1d20) 
thrown [e:\jenkins\tmp\workspace\build\src\src\hotspot\share\prims\jni.cpp, line 516]
Event: 1.767 Thread 0x0000015c36f6e620 Exception <a 'java/lang/NoSuchMethodError'{0x0000000710dad9f8}: 'java.lang.Object java.lang.invoke.DirectMethodHandle$Holder.invokeInterface(java.lang.Object, java.lang.Object)'> (0x0000000710dad9f8) 
thrown [e:\jenkins\tmp\workspace\build\src\src\hotspot\share\interpreter\linkResolver.cpp, line 766]
Event: 1.773 Thread 0x0000015c36f6e620 Exception <a 'sun/nio/fs/WindowsException'{0x0000000710dc9570}> (0x0000000710dc9570) 
thrown [e:\jenkins\tmp\workspace\build\src\src\hotspot\share\prims\jni.cpp, line 516]
Event: 1.778 Thread 0x0000015c36f6e620 Exception <a 'java/lang/NoSuchMethodError'{0x0000000710de0ab8}: 'java.lang.Object java.lang.invoke.DirectMethodHandle$Holder.invokeStatic(java.lang.Object, int, java.lang.Object)'> (0x0000000710de0ab8) 
thrown [e:\jenkins\tmp\workspace\build\src\src\hotspot\share\interpreter\linkResolver.cpp, line 766]
Event: 2.113 Thread 0x0000015c36f6e620 Exception <a 'sun/nio/fs/WindowsException'{0x000000071027f3b0}> (0x000000071027f3b0) 
thrown [e:\jenkins\tmp\workspace\build\src\src\hotspot\share\prims\jni.cpp, line 516]
Event: 2.114 Thread 0x0000015c36f6e620 Exception <a 'sun/nio/fs/WindowsException'{0x000000071027f630}> (0x000000071027f630) 
thrown [e:\jenkins\tmp\workspace\build\src\src\hotspot\share\prims\jni.cpp, line 516]
Event: 2.121 Thread 0x0000015c36f6e620 Exception <a 'sun/nio/fs/WindowsException'{0x000000071028db18}> (0x000000071028db18) 
thrown [e:\jenkins\tmp\workspace\build\src\src\hotspot\share\prims\jni.cpp, line 516]
Event: 2.547 Thread 0x0000015c36f6e620 Exception <a 'java/lang/NoSuchMethodError'{0x0000000710c9c0b0}: 'void java.lang.invoke.DirectMethodHandle$Holder.invokeStatic(java.lang.Object, java.lang.Object, java.lang.Object)'> (0x0000000710c9c0b0) 
thrown [e:\jenkins\tmp\workspace\build\src\src\hotspot\share\interpreter\linkResolver.cpp, line 766]
Event: 2.556 Thread 0x0000015c36f6e620 Exception <a 'java/lang/NoSuchMethodError'{0x0000000710cf8f00}: 'void java.lang.invoke.DirectMethodHandle$Holder.invokeStatic(java.lang.Object, java.lang.Object, java.lang.Object, java.lang.Object)'> (0x0000000710cf8f00) 
thrown [e:\jenkins\tmp\workspace\build\src\src\hotspot\share\interpreter\linkResolver.cpp, line 766]
Event: 2.566 Thread 0x0000015c36f6e620 Exception <a 'java/lang/NoSuchMethodError'{0x0000000710d3f448}: 'void java.lang.invoke.DirectMethodHandle$Holder.invokeSpecial(java.lang.Object, java.lang.Object, java.lang.Object, java.lang.Object, java.lang.Object)'> (0x0000000710d3f448) 
thrown [e:\jenkins\tmp\workspace\build\src\src\hotspot\share\interpreter\linkResolver.cpp, line 766]
Event: 2.720 Thread 0x0000015c36f6e620 Exception <a 'java/lang/NoSuchMethodError'{0x000000070fd4a0f8}: 'java.lang.Object java.lang.invoke.DirectMethodHandle$Holder.newInvokeSpecial(java.lang.Object, java.lang.Object, int, int)'> (0x000000070fd4a0f8) 
thrown [e:\jenkins\tmp\workspace\build\src\src\hotspot\share\interpreter\linkResolver.cpp, line 766]
Event: 2.732 Thread 0x0000015c36f6e620 Exception <a 'java/lang/NoSuchMethodError'{0x000000070fd86dc0}: 'void java.lang.invoke.DirectMethodHandle$Holder.invokeSpecial(java.lang.Object, java.lang.Object, int)'> (0x000000070fd86dc0) 
thrown [e:\jenkins\tmp\workspace\build\src\src\hotspot\share\interpreter\linkResolver.cpp, line 766]
Event: 6.423 Thread 0x0000015c36f6e620 Implicit null exception at 0x0000015c4218a583 to 0x0000015c4218aac2

VM Operations (20 events):
Event: 2.490 Executing VM operation: G1TryInitiateConcMark
Event: 2.492 Executing VM operation: G1TryInitiateConcMark done
Event: 2.583 Executing VM operation: G1TryInitiateConcMark
Event: 2.585 Executing VM operation: G1TryInitiateConcMark done
Event: 2.728 Executing VM operation: HandshakeAllThreads
Event: 2.728 Executing VM operation: HandshakeAllThreads done
Event: 3.006 Executing VM operation: ICBufferFull
Event: 3.006 Executing VM operation: ICBufferFull done
Event: 3.415 Executing VM operation: G1CollectForAllocation
Event: 3.432 Executing VM operation: G1CollectForAllocation done
Event: 3.956 Executing VM operation: HandshakeAllThreads
Event: 3.956 Executing VM operation: HandshakeAllThreads done
Event: 3.991 Executing VM operation: HandshakeAllThreads
Event: 3.991 Executing VM operation: HandshakeAllThreads done
Event: 4.038 Executing VM operation: G1TryInitiateConcMark
Event: 4.052 Executing VM operation: G1TryInitiateConcMark done
Event: 4.848 Executing VM operation: G1CollectForAllocation
Event: 4.869 Executing VM operation: G1CollectForAllocation done
Event: 5.848 Executing VM operation: G1CollectForAllocation
Event: 5.873 Executing VM operation: G1CollectForAllocation done

Events (20 events):
Event: 2.430 loading class java/util/stream/IntPipeline$10$1
Event: 2.430 loading class java/util/stream/Sink$ChainedInt
Event: 2.430 loading class java/util/stream/Sink$ChainedInt done
Event: 2.430 loading class java/util/stream/IntPipeline$10$1 done
Event: 2.430 loading class java/lang/StringUTF16$CharsSpliterator
Event: 2.430 loading class java/lang/StringUTF16$CharsSpliterator done
Event: 2.430 loading class java/lang/CharacterData00
Event: 2.430 loading class java/lang/CharacterData00 done
Event: 2.435 Thread 0x0000015c600b0750 Thread added: 0x0000015c600b0750
Event: 2.651 Thread 0x0000015c600b0750 Thread exited: 0x0000015c600b0750
Event: 2.668 Thread 0x0000015c575bc020 Thread added: 0x0000015c575bc020
Event: 2.719 loading class java/lang/StrictMath
Event: 2.719 loading class java/lang/StrictMath done
Event: 2.723 loading class java/io/FileWriter
Event: 2.723 loading class java/io/FileWriter done
Event: 3.632 Thread 0x0000015c575bc020 Thread exited: 0x0000015c575bc020
Event: 3.916 Thread 0x0000015c5fc608b0 Thread added: 0x0000015c5fc608b0
Event: 3.991 Thread 0x0000015c5fdd7830 Thread added: 0x0000015c5fdd7830
Event: 4.481 Thread 0x0000015c5fdd7830 Thread exited: 0x0000015c5fdd7830
Event: 4.900 Thread 0x0000015c5fc608b0 Thread exited: 0x0000015c5fc608b0


Dynamic libraries:
0x00007ff640780000 - 0x00007ff64078e000 	C:\Users\Jay\.p2\pool\plugins\org.eclipse.justj.openjdk.hotspot.jre.full.win32.x86_64_17.0.1.v20211116-1657\jre\bin\javaw.exe
0x00007ffb8e770000 - 0x00007ffb8e968000 	C:\windows\SYSTEM32\ntdll.dll
0x00007ffb8e540000 - 0x00007ffb8e5fd000 	C:\windows\System32\KERNEL32.DLL
0x00007ffb8c4a0000 - 0x00007ffb8c796000 	C:\windows\System32\KERNELBASE.dll
0x00007ffb89640000 - 0x00007ffb896d0000 	C:\windows\SYSTEM32\apphelp.dll
0x00007ffb12de0000 - 0x00007ffb13276000 	C:\windows\SYSTEM32\AcLayers.DLL
0x00007ffb8c7a0000 - 0x00007ffb8c83e000 	C:\windows\System32\msvcrt.dll
0x00007ffb8cb30000 - 0x00007ffb8ccce000 	C:\windows\System32\USER32.dll
0x00007ffb8c1d0000 - 0x00007ffb8c1f2000 	C:\windows\System32\win32u.dll
0x00007ffb8db60000 - 0x00007ffb8db8b000 	C:\windows\System32\GDI32.dll
0x00007ffb8c230000 - 0x00007ffb8c347000 	C:\windows\System32\gdi32full.dll
0x00007ffb8bf20000 - 0x00007ffb8bfbd000 	C:\windows\System32\msvcp_win.dll
0x00007ffb8be20000 - 0x00007ffb8bf20000 	C:\windows\System32\ucrtbase.dll
0x00007ffb8ddd0000 - 0x00007ffb8e53b000 	C:\windows\System32\SHELL32.dll
0x00007ffb8db90000 - 0x00007ffb8dbe5000 	C:\windows\System32\SHLWAPI.dll
0x00007ffb8ca20000 - 0x00007ffb8cad0000 	C:\windows\System32\ADVAPI32.dll
0x00007ffb8e600000 - 0x00007ffb8e6a0000 	C:\windows\System32\sechost.dll
0x00007ffb8c8b0000 - 0x00007ffb8c9d5000 	C:\windows\System32\RPCRT4.dll
0x00007ffb8c200000 - 0x00007ffb8c227000 	C:\windows\System32\bcrypt.dll
0x0000015c34c30000 - 0x0000015c34c33000 	C:\windows\SYSTEM32\sfc.dll
0x00007ffb73350000 - 0x00007ffb733f5000 	C:\windows\SYSTEM32\WINSPOOL.DRV
0x00007ffb8d3c0000 - 0x00007ffb8d713000 	C:\windows\System32\combase.dll
0x00007ffb8d720000 - 0x00007ffb8d7cd000 	C:\windows\System32\shcore.dll
0x00007ffb62cf0000 - 0x00007ffb62d02000 	C:\windows\SYSTEM32\sfc_os.DLL
0x00007ffb8c9e0000 - 0x00007ffb8ca12000 	C:\windows\System32\IMM32.DLL
0x00007ffb878d0000 - 0x00007ffb878e9000 	C:\Users\Jay\.p2\pool\plugins\org.eclipse.justj.openjdk.hotspot.jre.full.win32.x86_64_17.0.1.v20211116-1657\jre\bin\VCRUNTIME140.dll
0x00007ffb878b0000 - 0x00007ffb878c8000 	C:\Users\Jay\.p2\pool\plugins\org.eclipse.justj.openjdk.hotspot.jre.full.win32.x86_64_17.0.1.v20211116-1657\jre\bin\jli.dll
0x00007ffb73410000 - 0x00007ffb736aa000 	C:\windows\WinSxS\amd64_microsoft.windows.common-controls_6595b64144ccf1df_6.0.19041.3636_none_60b6a03d71f818d5\COMCTL32.dll
0x00007ffb878a0000 - 0x00007ffb878ac000 	C:\Users\Jay\.p2\pool\plugins\org.eclipse.justj.openjdk.hotspot.jre.full.win32.x86_64_17.0.1.v20211116-1657\jre\bin\vcruntime140_1.dll
0x00007ffb62f60000 - 0x00007ffb62ff1000 	C:\Users\Jay\.p2\pool\plugins\org.eclipse.justj.openjdk.hotspot.jre.full.win32.x86_64_17.0.1.v20211116-1657\jre\bin\msvcp140.dll
0x00007ffb19660000 - 0x00007ffb1a2a6000 	C:\Users\Jay\.p2\pool\plugins\org.eclipse.justj.openjdk.hotspot.jre.full.win32.x86_64_17.0.1.v20211116-1657\jre\bin\server\jvm.dll
0x00007ffb8d330000 - 0x00007ffb8d338000 	C:\windows\System32\PSAPI.DLL
0x00007ffb623d0000 - 0x00007ffb623d9000 	C:\windows\SYSTEM32\WSOCK32.dll
0x00007ffb80320000 - 0x00007ffb80347000 	C:\windows\SYSTEM32\WINMM.dll
0x00007ffb8c840000 - 0x00007ffb8c8ab000 	C:\windows\System32\WS2_32.dll
0x00007ffb83190000 - 0x00007ffb8319a000 	C:\windows\SYSTEM32\VERSION.dll
0x00007ffb89cb0000 - 0x00007ffb89cc2000 	C:\windows\SYSTEM32\kernel.appcore.dll
0x00007ffb849c0000 - 0x00007ffb849ca000 	C:\Users\Jay\.p2\pool\plugins\org.eclipse.justj.openjdk.hotspot.jre.full.win32.x86_64_17.0.1.v20211116-1657\jre\bin\jimage.dll
0x00007ffb7c5b0000 - 0x00007ffb7c794000 	C:\windows\SYSTEM32\DBGHELP.DLL
0x00007ffb71950000 - 0x00007ffb71984000 	C:\windows\SYSTEM32\dbgcore.DLL
0x00007ffb8c3a0000 - 0x00007ffb8c422000 	C:\windows\System32\bcryptPrimitives.dll
0x00007ffb7bc50000 - 0x00007ffb7bc75000 	C:\Users\Jay\.p2\pool\plugins\org.eclipse.justj.openjdk.hotspot.jre.full.win32.x86_64_17.0.1.v20211116-1657\jre\bin\java.dll
0x00007ffb74350000 - 0x00007ffb74368000 	C:\Users\Jay\.p2\pool\plugins\org.eclipse.justj.openjdk.hotspot.jre.full.win32.x86_64_17.0.1.v20211116-1657\jre\bin\zip.dll
0x00007ffb89eb0000 - 0x00007ffb8a64e000 	C:\windows\SYSTEM32\windows.storage.dll
0x00007ffb8b770000 - 0x00007ffb8b79e000 	C:\windows\SYSTEM32\Wldp.dll
0x00007ffb8dcf0000 - 0x00007ffb8ddbd000 	C:\windows\System32\OLEAUT32.dll
0x00007ffb8bd50000 - 0x00007ffb8bd75000 	C:\windows\SYSTEM32\profapi.dll
0x00007ffb74320000 - 0x00007ffb74339000 	C:\Users\Jay\.p2\pool\plugins\org.eclipse.justj.openjdk.hotspot.jre.full.win32.x86_64_17.0.1.v20211116-1657\jre\bin\net.dll
0x00007ffb82460000 - 0x00007ffb8256a000 	C:\windows\SYSTEM32\WINHTTP.dll
0x00007ffb8b550000 - 0x00007ffb8b5ba000 	C:\windows\system32\mswsock.dll
0x00007ffb72ae0000 - 0x00007ffb72af5000 	C:\Users\Jay\.p2\pool\plugins\org.eclipse.justj.openjdk.hotspot.jre.full.win32.x86_64_17.0.1.v20211116-1657\jre\bin\nio.dll
0x00007ffb83e50000 - 0x00007ffb83e60000 	C:\Users\Jay\.p2\pool\plugins\org.eclipse.justj.openjdk.hotspot.jre.full.win32.x86_64_17.0.1.v20211116-1657\jre\bin\verify.dll
0x00007ffb6c800000 - 0x00007ffb6c87b000 	C:\Users\Jay\AppData\Local\Temp\lwjgl_Jay\3.3.3+5\x64\lwjgl.dll
0x00007ffb60d80000 - 0x00007ffb60e02000 	C:\Users\Jay\AppData\Local\Temp\lwjgl_Jay\3.3.3+5\x64\glfw.dll
0x00007ffb645b0000 - 0x00007ffb645f5000 	C:\windows\SYSTEM32\dinput8.dll
0x00007ffb87880000 - 0x00007ffb87891000 	C:\windows\SYSTEM32\xinput1_4.dll
0x00007ffb8c350000 - 0x00007ffb8c39e000 	C:\windows\System32\cfgmgr32.dll
0x00007ffb8bbb0000 - 0x00007ffb8bbe3000 	C:\windows\SYSTEM32\DEVOBJ.dll
0x00007ffb899c0000 - 0x00007ffb899ef000 	C:\windows\SYSTEM32\dwmapi.dll
0x00007ffb81d20000 - 0x00007ffb81e72000 	C:\windows\SYSTEM32\inputhost.dll
0x00007ffb892e0000 - 0x00007ffb893d2000 	C:\windows\SYSTEM32\CoreMessaging.dll
0x00007ffb87ad0000 - 0x00007ffb87c25000 	C:\windows\SYSTEM32\wintypes.dll
0x00007ffb87950000 - 0x00007ffb87a46000 	C:\windows\SYSTEM32\PROPSYS.dll
0x00007ffb88c00000 - 0x00007ffb88f5b000 	C:\windows\SYSTEM32\CoreUIComponents.dll
0x00007ffb8af50000 - 0x00007ffb8af83000 	C:\windows\SYSTEM32\ntmarta.dll
0x00007ffb897e0000 - 0x00007ffb8987e000 	C:\windows\system32\uxtheme.dll
0x00007ffb8da40000 - 0x00007ffb8db55000 	C:\windows\System32\MSCTF.dll
0x00007ffb61430000 - 0x00007ffb61555000 	C:\windows\SYSTEM32\opengl32.dll
0x00007ffb7bc90000 - 0x00007ffb7bcbc000 	C:\windows\SYSTEM32\GLU32.dll
0x00007ffb8d990000 - 0x00007ffb8da39000 	C:\windows\System32\clbcatq.dll
0x00007ffb0dd70000 - 0x00007ffb11ffa000 	C:\windows\System32\DriverStore\FileRepository\nv_dispig.inf_amd64_7e5fd280efaa5445\nvoglv64.dll
0x00007ffb8ce00000 - 0x00007ffb8d26e000 	C:\windows\System32\SETUPAPI.dll
0x00007ffb8ccd0000 - 0x00007ffb8cdfb000 	C:\windows\System32\ole32.dll
0x00007ffb87ab0000 - 0x00007ffb87ac4000 	C:\windows\SYSTEM32\WTSAPI32.dll
0x00007ffb8b9e0000 - 0x00007ffb8b9f2000 	C:\windows\SYSTEM32\msasn1.dll
0x00007ffb82af0000 - 0x00007ffb82b21000 	C:\windows\SYSTEM32\cryptnet.dll
0x00007ffb8c070000 - 0x00007ffb8c1cd000 	C:\windows\System32\CRYPT32.dll
0x00007ffb82870000 - 0x00007ffb829b8000 	C:\windows\SYSTEM32\drvstore.dll
0x00007ffb8b6e0000 - 0x00007ffb8b6ec000 	C:\windows\SYSTEM32\cryptbase.dll
0x00007ffb8c430000 - 0x00007ffb8c497000 	C:\windows\System32\WINTRUST.dll
0x00007ffb832d0000 - 0x00007ffb8330b000 	C:\windows\SYSTEM32\dxcore.dll
0x00007ffb8b330000 - 0x00007ffb8b37b000 	C:\windows\SYSTEM32\powrprof.dll
0x00007ffb8b1f0000 - 0x00007ffb8b202000 	C:\windows\SYSTEM32\UMPDC.dll
0x00007ffb8aac0000 - 0x00007ffb8ab1b000 	C:\windows\SYSTEM32\WINSTA.dll
0x00007ffb81e80000 - 0x00007ffb81f79000 	C:\windows\SYSTEM32\textinputframework.dll
0x00007ffb63b20000 - 0x00007ffb63b7e000 	C:\Users\Jay\AppData\Local\Temp\lwjgl_Jay\3.3.3+5\x64\lwjgl_opengl.dll
0x00007ffb1c9f0000 - 0x00007ffb1cc60000 	C:\Users\Jay\AppData\Local\Temp\lwjgl_Jay\3.3.3+5\x64\jemalloc.dll
0x00007ffb5df80000 - 0x00007ffb5e147000 	C:\Users\Jay\AppData\Local\Temp\lwjgl_Jay\3.3.3+5\x64\OpenAL.dll
0x00007ffb7c130000 - 0x00007ffb7c1b5000 	C:\windows\System32\MMDevApi.dll
0x00007ffb7e9f0000 - 0x00007ffb7eb72000 	C:\windows\SYSTEM32\AUDIOSES.DLL
0x00007ffb898c0000 - 0x00007ffb898d4000 	C:\windows\SYSTEM32\resourcepolicyclient.dll
0x00007ffb55cd0000 - 0x00007ffb55e4a000 	C:\Users\Jay\AppData\Local\Temp\lwjgl_Jay\3.3.3+5\x64\draco.dll
0x00007ffb12810000 - 0x00007ffb12de0000 	C:\Users\Jay\AppData\Local\Temp\lwjgl_Jay\3.3.3+5\x64\assimp.dll
0x00007ffb5fc40000 - 0x00007ffb5fcc2000 	C:\Users\Jay\AppData\Local\Temp\lwjgl_Jay\3.3.3+5\x64\lwjgl_stb.dll
0x00007ffb5dcb0000 - 0x00007ffb5dd43000 	C:\Users\Jay\AppData\Local\Temp\lwjgl_Jay\3.3.3+5\x64\lwjgl_nanovg.dll

dbghelp: loaded successfully - version: 4.0.5 - missing functions: none
symbol engine: initialized successfully - sym options: 0x614 - pdb path: .;C:\Users\Jay\.p2\pool\plugins\org.eclipse.justj.openjdk.hotspot.jre.full.win32.x86_64_17.0.1.v20211116-1657\jre\bin;C:\windows\SYSTEM32;C:\windows\WinSxS\amd64_microsoft.windows.common-controls_6595b64144ccf1df_6.0.19041.3636_none_60b6a03d71f818d5;C:\Users\Jay\.p2\pool\plugins\org.eclipse.justj.openjdk.hotspot.jre.full.win32.x86_64_17.0.1.v20211116-1657\jre\bin\server;C:\Users\Jay\AppData\Local\Temp\lwjgl_Jay\3.3.3+5\x64;C:\windows\System32\DriverStore\FileRepository\nv_dispig.inf_amd64_7e5fd280efaa5445

VM Arguments:
jvm_args: -Dorg.lwjgl.util.DebugAllocator=false -Dorg.lwjgl.util.Debug=false -ea -Dfile.encoding=Cp1252 -XX:+ShowCodeDetailsInExceptionMessages 
java_command: manatee.client.App -developer-mode -debug -particle-view
java_class_path (initial): C:\Users\Jay\eclipse-workspace\Manatee\bin\main;C:\Users\Jay\eclipse-workspace\Manatee\bin\test;C:\Users\Jay\eclipse-workspace\Manatee\bin\default;C:\Users\Jay\.gradle\caches\modules-2\files-2.1\net.sf.jopt-simple\jopt-simple\4.7\3e19c15a38d0e864545acf635b1b69bd6e9f016b\jopt-simple-4.7.jar;C:\Users\Jay\.gradle\caches\modules-2\files-2.1\ch.qos.logback\logback-classic\1.4.14\d98bc162275134cdf1518774da4a2a17ef6fb94d\logback-classic-1.4.14.jar;C:\Users\Jay\.gradle\caches\modules-2\files-2.1\com.google.code.gson\gson\2.10.1\b3add478d4382b78ea20b1671390a858002feb6c\gson-2.10.1.jar;C:\Users\Jay\.gradle\caches\modules-2\files-2.1\com.github.davidmoten\rtree-multi\0.1\dc9db6aa9a23c6ff6e06f0e1a5b8351886f9971e\rtree-multi-0.1.jar;C:\Users\Jay\.gradle\caches\modules-2\files-2.1\org.lwjgl\lwjgl-assimp\3.3.3\c2c34011cbda30ed8cf98bc5cbf97b49afe5279a\lwjgl-assimp-3.3.3.jar;C:\Users\Jay\.gradle\caches\modules-2\files-2.1\org.lwjgl\lwjgl-bgfx\3.3.3\a19c4bfd1532863425098f05316726854aed8c51\lwjgl-bgfx-3.3.3.jar;C:\Users\Jay\.gradle\caches\modules-2\files-2.1\org.lwjgl\lwjgl-cuda\3.3.3\e2de3beeba3e4c826317e31519a40f0585160acf\lwjgl-cuda-3.3.3.jar;C:\Users\Jay\.gradle\caches\modules-2\files-2.1\org.lwjgl\lwjgl-egl\3.3.3\2f0d613e3f769577548f08b11ae9b7571980aeb1\lwjgl-egl-3.3.3.jar;C:\Users\Jay\.gradle\caches\modules-2\files-2.1\org.lwjgl\lwjgl-fmod\3.3.3\aa6d1cf95ea97e903f6c733baf2477dbb3c41e3e\lwjgl-fmod-3.3.3.jar;C:\Users\Jay\.gradle\caches\modules-2\files-2.1\org.lwjgl\lwjgl-freetype\3.3.3\a0db6c84a8becc8ca05f9dbfa985edc348a824c7\lwjgl-freetype-3.3.3.jar;C:\Users\Jay\.gradle\caches\modules-2\files-2.1\org.lwjgl\lwjgl-glfw\3.3.3\efa1eb78c5ccd840e9f329717109b5e892d72f8e\lwjgl-glfw-3.3.3.jar;C:\Users\Jay\.gradle\caches\modules-2\files-2.1\org.lwjgl\lwjgl-harfbuzz\3.3.3\7fbe5f968fa4cfa9184798ac1d53a4ef3fc4592a\lwjgl-harfbuzz-3.3.3.jar;C:\Users\Jay\.gradle\caches\modules-2\files-2.1\org.lwjgl\lwjgl-hwloc\3.3.3\68333a022d5842b7bff95c70e4c3e1b2f126e783\lwjgl-hwlo
Launcher Type: SUN_STANDARD

[Global flags]
     intx CICompilerCount                          = 3                                         {product} {ergonomic}
     uint ConcGCThreads                            = 1                                         {product} {ergonomic}
     uint G1ConcRefinementThreads                  = 4                                         {product} {ergonomic}
   size_t G1HeapRegionSize                         = 2097152                                   {product} {ergonomic}
    uintx GCDrainStackTargetSize                   = 64                                        {product} {ergonomic}
   size_t InitialHeapSize                          = 268435456                                 {product} {ergonomic}
   size_t MarkStackSize                            = 4194304                                   {product} {ergonomic}
   size_t MaxHeapSize                              = 4280287232                                {product} {ergonomic}
   size_t MaxNewSize                               = 2566914048                                {product} {ergonomic}
   size_t MinHeapDeltaBytes                        = 2097152                                   {product} {ergonomic}
   size_t MinHeapSize                              = 8388608                                   {product} {ergonomic}
    uintx NonNMethodCodeHeapSize                   = 5832780                                {pd product} {ergonomic}
    uintx NonProfiledCodeHeapSize                  = 122912730                              {pd product} {ergonomic}
    uintx ProfiledCodeHeapSize                     = 122912730                              {pd product} {ergonomic}
    uintx ReservedCodeCacheSize                    = 251658240                              {pd product} {ergonomic}
     bool SegmentedCodeCache                       = true                                      {product} {ergonomic}
     bool ShowCodeDetailsInExceptionMessages       = true                                   {manageable} {command line}
   size_t SoftMaxHeapSize                          = 4280287232                             {manageable} {ergonomic}
     bool UseCompressedClassPointers               = true                           {product lp64_product} {ergonomic}
     bool UseCompressedOops                        = true                           {product lp64_product} {ergonomic}
     bool UseG1GC                                  = true                                      {product} {ergonomic}
     bool UseLargePagesIndividualAllocation        = false                                  {pd product} {ergonomic}

Logging:
Log output configuration:
 #0: stdout all=warning uptime,level,tags
 #1: stderr all=off uptime,level,tags

Environment Variables:
JAVA_HOME=C:\Program Files\Java\jdk-20
PATH=C:/Users/Jay/.p2/pool/plugins/org.eclipse.justj.openjdk.hotspot.jre.full.win32.x86_64_17.0.1.v20211116-1657/jre/bin/server;C:/Users/Jay/.p2/pool/plugins/org.eclipse.justj.openjdk.hotspot.jre.full.win32.x86_64_17.0.1.v20211116-1657/jre/bin;C:\Program Files\Common Files\Oracle\Java\javapath;C:\Windows\system32;C:\Windows;C:\Windows\System32\Wbem;C:\Windows\System32\WindowsPowerShell\v1.0\;C:\Windows\System32\OpenSSH\;C:\Program Files (x86)\NVIDIA Corporation\PhysX\Common;C:\Program Files\dotnet\;C:\Program Files\Git\cmd;C:\Program Files\nodejs\;C:\Gradle\gradle-8.5\bin;C:\Users\Jay\AppData\Local\Programs\Python\Python310\Scripts\;C:\Users\Jay\AppData\Local\Programs\Python\Python310\;C:\Users\Jay\AppData\Local\Microsoft\WindowsApps;C:\Users\Jay\AppData\Local\Programs\Microsoft VS Code\bin;C:\Users\Jay\AppData\Roaming\npm;C:\Program Files\Java\jdk-20\bin;;C:\windows\system32;
USERNAME=Jay
OS=Windows_NT
PROCESSOR_IDENTIFIER=Intel64 Family 6 Model 94 Stepping 3, GenuineIntel



---------------  S Y S T E M  ---------------

OS:
 Windows 10 , 64 bit Build 19041 (10.0.19041.3636)
OS uptime: 0 days 6:32 hours
Hyper-V role detected

CPU: total 4 (initial active 4) (4 cores per cpu, 1 threads per core) family 6 model 94 stepping 3 microcode 0xcc, cx8, cmov, fxsr, mmx, 3dnowpref, sse, sse2, sse3, ssse3, sse4.1, sse4.2, popcnt, lzcnt, tsc, tscinvbit, avx, avx2, aes, erms, clmul, bmi1, bmi2, rtm, adx, fma, vzeroupper, clflush, clflushopt, hv

Memory: 4k page, system-wide physical 16323M (8614M free)
TotalPageFile size 18755M (AvailPageFile size 6830M)
current process WorkingSet (physical memory assigned to process): 596M, peak: 607M
current process commit charge ("private bytes"): 719M, peak: 740M

vm_info: OpenJDK 64-Bit Server VM (17.0.1+12) for windows-amd64 JRE (17.0.1+12), built on Oct 20 2021 07:42:55 by "" with MS VC++ 16.7 (VS2019)

END.
